<?xml version="1.0" encoding="UTF-8"?>
<!-- Generated by org.testng.reporters.JUnitXMLReporter -->
<testsuite ignored="0" hostname="Gowtham" failures="0" tests="1" name="Surefire test" time="0.086" errors="0" timestamp="2025-04-27T16:10:26 IST">
  <testcase classname="com.automation.framework.test.TestClass" name="@BeforeClass launchUrl" time="0.052">
    <failure type="java.lang.IllegalStateException" message="The path to the driver executable must be set by the webdriver.chrome.driver system property; for more information, see https://github.com/SeleniumHQ/selenium/wiki/ChromeDriver. The latest version can be downloaded from http://chromedriver.storage.googleapis.com/index.html">
      <![CDATA[java.lang.IllegalStateException: The path to the driver executable must be set by the webdriver.chrome.driver system property; for more information, see https://github.com/SeleniumHQ/selenium/wiki/ChromeDriver. The latest version can be downloaded from http://chromedriver.storage.googleapis.com/index.html
at com.google.common.base.Preconditions.checkState(Preconditions.java:843)
at org.openqa.selenium.remote.service.DriverService.findExecutable(DriverService.java:135)
at org.openqa.selenium.chrome.ChromeDriverService.access$000(ChromeDriverService.java:35)
at org.openqa.selenium.chrome.ChromeDriverService$Builder.findDefaultExecutable(ChromeDriverService.java:159)
at org.openqa.selenium.remote.service.DriverService$Builder.build(DriverService.java:363)
at org.openqa.selenium.chrome.ChromeDriverService.createDefaultService(ChromeDriverService.java:94)
at org.openqa.selenium.chrome.ChromeDriver.<init>(ChromeDriver.java:131)
at com.automation.framework.test.TestClass.launchUrl(TestClass.java:19)
at java.base/java.util.ArrayList.forEach(ArrayList.java:1597)
... Removed 28 stack frames]]>
    </failure>
  </testcase> <!-- @BeforeClass launchUrl -->
  <testcase classname="com.automation.framework.test.TestClass" name="@AfterClass logOut" time="0.0">
    <skipped/>
  </testcase> <!-- @AfterClass logOut -->
  <testcase classname="com.automation.framework.test.TestClass" name="setUsername" time="0.0">
    <skipped/>
  </testcase> <!-- setUsername -->
</testsuite> <!-- Surefire test -->
