<?xml version="1.0" encoding="UTF-8"?>
<testng-results ignored="0" total="0" passed="0" failed="0" skipped="0">
  <reporter-output>
  </reporter-output>
  <suite started-at="2025-05-01T15:26:59 IST" name="CrossBrowserTestSuite" finished-at="2025-05-01T15:26:59 IST" duration-ms="10">
    <groups>
    </groups>
    <test started-at="2025-05-01T15:26:59 IST" name="FirefoxTest" finished-at="2025-05-01T15:26:59 IST" duration-ms="10">
    </test> <!-- FirefoxTest -->
    <test started-at="2025-05-01T15:26:59 IST" name="ChromeTest" finished-at="2025-05-01T15:26:59 IST" duration-ms="10">
    </test> <!-- ChromeTest -->
  </suite> <!-- CrossBrowserTestSuite -->
</testng-results>
